<tr>
<td>grid_10_7_3Selju6g_1590726605.cnf</td>
<td>1149</td>
<td>3404</td>
<td>3089</td>
<td>0.651375</td>
<td>4432</td>
</tr>
<tr>
<td>grid_10_7_09h62b2Q_1590726635.cnf</td>
<td>1135</td>
<td>3362</td>
<td>3529</td>
<td>0.699656</td>
<td>5317</td>
</tr>
<tr>
<td>grid_10_7_09h62b2Q_1590726636.cnf</td>
<td>1135</td>
<td>3362</td>
<td>3875</td>
<td>0.696703</td>
<td>5317</td>
</tr>
<tr>
<td>grid_10_7_3Selju6g_1590726605.cnf</td>
<td>1149</td>
<td>3404</td>
<td>3089</td>
<td>0.560968</td>
<td>4432</td>
</tr>
<tr>
<td>grid_10_7_3Selju6g_1590726606.cnf</td>
<td>1149</td>
<td>3404</td>
<td>2801</td>
<td>0.505731</td>
<td>4432</td>
</tr>
<tr>
<td>grid_10_7_3Selju6g_1590726607.cnf</td>
<td>1149</td>
<td>3404</td>
<td>2737</td>
<td>0.443538</td>
<td>4432</td>
</tr>
<tr>
<td>grid_10_7_3Selju6g_1590726608.cnf</td>
<td>1149</td>
<td>3404</td>
<td>2868</td>
<td>0.524413</td>
<td>4432</td>
</tr>
<tr>
<td>grid_10_7_a01OpVL2_1590726610.cnf</td>
<td>1261</td>
<td>3740</td>
<td>2946</td>
<td>0.572426</td>
<td>4127</td>
</tr>
<tr>
<td>grid_10_7_a01OpVL2_1590726611.cnf</td>
<td>1261</td>
<td>3740</td>
<td>2670</td>
<td>0.555178</td>
<td>4127</td>
</tr>
<tr>
<td>grid_10_7_a01OpVL2_1590726612.cnf</td>
<td>1261</td>
<td>3740</td>
<td>2575</td>
<td>0.531107</td>
<td>4127</td>
</tr>
<tr>
<td>grid_10_7_a01OpVL2_1590726613.cnf</td>
<td>1261</td>
<td>3740</td>
<td>2315</td>
<td>0.451324</td>
<td>4127</td>
</tr>
<tr>
<td>grid_10_7_AtCrqd4T_1590726606.cnf</td>
<td>1198</td>
<td>3551</td>
<td>3106</td>
<td>0.686165</td>
<td>4615</td>
</tr>
<tr>
<td>grid_10_7_AtCrqd4T_1590726607.cnf</td>
<td>1198</td>
<td>3551</td>
<td>2741</td>
<td>0.567084</td>
<td>4615</td>
</tr>
<tr>
<td>grid_10_7_AtCrqd4T_1590726608.cnf</td>
<td>1198</td>
<td>3551</td>
<td>3043</td>
<td>0.628827</td>
<td>4615</td>
</tr>
<tr>
<td>grid_10_7_AtCrqd4T_1590726609.cnf</td>
<td>1198</td>
<td>3551</td>
<td>3111</td>
<td>0.60705</td>
<td>4615</td>
</tr>
<tr>
<td>grid_10_7_Cg13AZhC_1590726604.cnf</td>
<td>1205</td>
<td>3572</td>
<td>6036</td>
<td>0.803372</td>
<td>13307</td>
</tr>
<tr>
<td>grid_10_7_Cg13AZhC_1590726605.cnf</td>
<td>1205</td>
<td>3572</td>
<td>5768</td>
<td>0.855612</td>
<td>13307</td>
</tr>
<tr>
<td>grid_10_7_Cg13AZhC_1590726606.cnf</td>
<td>1205</td>
<td>3572</td>
<td>5499</td>
<td>0.712577</td>
<td>13307</td>
</tr>
<tr>
<td>grid_10_7_Cg13AZhC_1590726607.cnf</td>
<td>1205</td>
<td>3572</td>
<td>5108</td>
<td>0.699275</td>
<td>13307</td>
</tr>
<tr>
<td>grid_10_7_dqCMnuym_1590726613.cnf</td>
<td>1254</td>
<td>3719</td>
<td>3161</td>
<td>0.534933</td>
<td>6384</td>
</tr>
<tr>
<td>grid_10_7_dqCMnuym_1590726614.cnf</td>
<td>1254</td>
<td>3719</td>
<td>2958</td>
<td>0.511645</td>
<td>6384</td>
</tr>
<tr>
<td>grid_10_7_dqCMnuym_1590726615.cnf</td>
<td>1254</td>
<td>3719</td>
<td>2580</td>
<td>0.449273</td>
<td>6384</td>
</tr>
<tr>
<td>grid_10_7_dqCMnuym_1590726616.cnf</td>
<td>1254</td>
<td>3719</td>
<td>3132</td>
<td>0.567133</td>
<td>6384</td>
</tr>
<tr>
<td>grid_10_7_IDS45Srm_1590726622.cnf</td>
<td>1212</td>
<td>3593</td>
<td>2540</td>
<td>0.467847</td>
<td>5035</td>
</tr>
<tr>
<td>grid_10_7_IDS45Srm_1590726623.cnf</td>
<td>1212</td>
<td>3593</td>
<td>2434</td>
<td>0.412635</td>
<td>5035</td>
</tr>
<tr>
<td>grid_10_7_IDS45Srm_1590726624.cnf</td>
<td>1212</td>
<td>3593</td>
<td>2599</td>
<td>0.457362</td>
<td>5035</td>
</tr>
<tr>
<td>grid_10_7_IDS45Srm_1590726625.cnf</td>
<td>1212</td>
<td>3593</td>
<td>2616</td>
<td>0.461895</td>
<td>5035</td>
</tr>
<tr>
<td>grid_10_7_j1x2EWX6_1590726627.cnf</td>
<td>1184</td>
<td>3509</td>
<td>2782</td>
<td>0.441761</td>
<td>5703</td>
</tr>
<tr>
<td>grid_10_7_j1x2EWX6_1590726628.cnf</td>
<td>1184</td>
<td>3509</td>
<td>3772</td>
<td>0.760735</td>
<td>5703</td>
</tr>
<tr>
<td>grid_10_7_j1x2EWX6_1590726629.cnf</td>
<td>1184</td>
<td>3509</td>
<td>3409</td>
<td>0.590998</td>
<td>5703</td>
</tr>
<tr>
<td>grid_10_7_j1x2EWX6_1590726630.cnf</td>
<td>1184</td>
<td>3509</td>
<td>2655</td>
<td>0.456492</td>
<td>5703</td>
</tr>
<tr>
<td>grid_10_7_oAhNTqZ5_1590726597.cnf</td>
<td>1170</td>
<td>3467</td>
<td>3504</td>
<td>0.559465</td>
<td>7530</td>
</tr>
<tr>
<td>grid_10_7_oAhNTqZ5_1590726598.cnf</td>
<td>1170</td>
<td>3467</td>
<td>3842</td>
<td>0.691271</td>
<td>7530</td>
</tr>
<tr>
<td>grid_10_7_PjcXs86E_1590726614.cnf</td>
<td>1219</td>
<td>3614</td>
<td>2275</td>
<td>0.377666</td>
<td>4912</td>
</tr>
<tr>
<td>grid_10_7_PjcXs86E_1590726615.cnf</td>
<td>1219</td>
<td>3614</td>
<td>2302</td>
<td>0.39301</td>
<td>4912</td>
</tr>
<tr>
<td>grid_10_7_PjcXs86E_1590726616.cnf</td>
<td>1219</td>
<td>3614</td>
<td>2429</td>
<td>0.421321</td>
<td>4912</td>
</tr>
<tr>
<td>grid_10_7_PjcXs86E_1590726617.cnf</td>
<td>1219</td>
<td>3614</td>
<td>2522</td>
<td>0.478734</td>
<td>4912</td>
</tr>
<tr>
<td>grid_10_7_pUFH6NDt_1590726631.cnf</td>
<td>1212</td>
<td>3593</td>
<td>3810</td>
<td>0.694898</td>
<td>7449</td>
</tr>
<tr>
<td>grid_10_7_pUFH6NDt_1590726632.cnf</td>
<td>1212</td>
<td>3593</td>
<td>3689</td>
<td>0.681328</td>
<td>7449</td>
</tr>
<tr>
<td>grid_10_7_pUFH6NDt_1590726633.cnf</td>
<td>1212</td>
<td>3593</td>
<td>3935</td>
<td>0.757131</td>
<td>7449</td>
</tr>
<tr>
<td>grid_10_7_pUFH6NDt_1590726634.cnf</td>
<td>1212</td>
<td>3593</td>
<td>3817</td>
<td>0.731157</td>
<td>7449</td>
</tr>
<tr>
<td>grid_10_7_wEe0a9bF_1590726626.cnf</td>
<td>1177</td>
<td>3488</td>
<td>4347</td>
<td>0.885917</td>
<td>6660</td>
</tr>
<tr>
<td>grid_10_7_wEe0a9bF_1590726627.cnf</td>
<td>1177</td>
<td>3488</td>
<td>3449</td>
<td>0.666859</td>
<td>6660</td>
</tr>
<tr>
<td>grid_10_7_wEe0a9bF_1590726628.cnf</td>
<td>1177</td>
<td>3488</td>
<td>4356</td>
<td>0.808044</td>
<td>6660</td>
</tr>
<tr>
<td>grid_10_7_wEe0a9bF_1590726629.cnf</td>
<td>1177</td>
<td>3488</td>
<td>3679</td>
<td>0.768023</td>
<td>6660</td>
</tr>
<tr>
<td>grid_10_7_XdRMLWfl_1590726621.cnf</td>
<td>1226</td>
<td>3635</td>
<td>3298</td>
<td>0.515923</td>
<td>10019</td>
</tr>
<tr>
<td>grid_10_7_XdRMLWfl_1590726622.cnf</td>
<td>1226</td>
<td>3635</td>
<td>2614</td>
<td>0.39769</td>
<td>10019</td>
</tr>
<tr>
<td>grid_10_7_XdRMLWfl_1590726623.cnf</td>
<td>1226</td>
<td>3635</td>
<td>2599</td>
<td>0.424733</td>
<td>10019</td>
</tr>
<tr>
<td>grid_10_7_XdRMLWfl_1590726624.cnf</td>
<td>1226</td>
<td>3635</td>
<td>3635</td>
<td>0.582293</td>
<td>10019</td>
</tr>
<tr>
<td>grid_10_8_9keXftz7_1590726598.cnf</td>
<td>1401</td>
<td>4154</td>
<td>18121</td>
<td>5.13032</td>
<td>38512</td>
</tr>
<tr>
<td>grid_10_8_9keXftz7_1590726599.cnf</td>
<td>1401</td>
<td>4154</td>
<td>18969</td>
<td>5.35404</td>
<td>38512</td>
</tr>
<tr>
<td>grid_10_7_09h62b2Q_1590726635.cnf</td>
<td>1135</td>
<td>3362</td>
<td>3529</td>
<td>0.636021</td>
<td>5317</td>
</tr>
<tr>
<td>grid_10_7_09h62b2Q_1590726636.cnf</td>
<td>1135</td>
<td>3362</td>
<td>3875</td>
<td>0.706823</td>
<td>5317</td>
</tr>
<tr>
<td>grid_10_7_3Selju6g_1590726605.cnf</td>
<td>1149</td>
<td>3404</td>
<td>3089</td>
<td>0.552599</td>
<td>4432</td>
</tr>
<tr>
<td>grid_10_7_3Selju6g_1590726606.cnf</td>
<td>1149</td>
<td>3404</td>
<td>2801</td>
<td>0.498563</td>
<td>4432</td>
</tr>
<tr>
<td>grid_10_7_3Selju6g_1590726607.cnf</td>
<td>1149</td>
<td>3404</td>
<td>2737</td>
<td>0.467591</td>
<td>4432</td>
</tr>
<tr>
<td>grid_10_7_3Selju6g_1590726608.cnf</td>
<td>1149</td>
<td>3404</td>
<td>2868</td>
<td>0.596825</td>
<td>4432</td>
</tr>
<tr>
<td>grid_10_7_a01OpVL2_1590726610.cnf</td>
<td>1261</td>
<td>3740</td>
<td>2946</td>
<td>0.579686</td>
<td>4127</td>
</tr>
<tr>
<td>grid_10_7_a01OpVL2_1590726611.cnf</td>
<td>1261</td>
<td>3740</td>
<td>2670</td>
<td>0.620415</td>
<td>4127</td>
</tr>
<tr>
<td>grid_10_7_a01OpVL2_1590726612.cnf</td>
<td>1261</td>
<td>3740</td>
<td>2575</td>
<td>0.662361</td>
<td>4127</td>
</tr>
<tr>
<td>grid_10_7_a01OpVL2_1590726613.cnf</td>
<td>1261</td>
<td>3740</td>
<td>2315</td>
<td>0.543374</td>
<td>4127</td>
</tr>
<tr>
<td>grid_10_7_AtCrqd4T_1590726606.cnf</td>
<td>1198</td>
<td>3551</td>
<td>3106</td>
<td>0.644888</td>
<td>4615</td>
</tr>
<tr>
<td>grid_10_7_AtCrqd4T_1590726607.cnf</td>
<td>1198</td>
<td>3551</td>
<td>2741</td>
<td>0.675221</td>
<td>4615</td>
</tr>
<tr>
<td>grid_10_7_AtCrqd4T_1590726608.cnf</td>
<td>1198</td>
<td>3551</td>
<td>3043</td>
<td>0.856239</td>
<td>4615</td>
</tr>
<tr>
<td>grid_10_7_AtCrqd4T_1590726609.cnf</td>
<td>1198</td>
<td>3551</td>
<td>3111</td>
<td>0.742706</td>
<td>4615</td>
</tr>
<tr>
<td>grid_10_7_Cg13AZhC_1590726604.cnf</td>
<td>1205</td>
<td>3572</td>
<td>6036</td>
<td>1.1502</td>
<td>13307</td>
</tr>
<tr>
<td>grid_10_7_Cg13AZhC_1590726605.cnf</td>
<td>1205</td>
<td>3572</td>
<td>5768</td>
<td>1.23359</td>
<td>13307</td>
</tr>
<tr>
<td>grid_10_7_Cg13AZhC_1590726606.cnf</td>
<td>1205</td>
<td>3572</td>
<td>5499</td>
<td>0.850048</td>
<td>13307</td>
</tr>
<tr>
<td>grid_10_7_Cg13AZhC_1590726607.cnf</td>
<td>1205</td>
<td>3572</td>
<td>5108</td>
<td>0.8062</td>
<td>13307</td>
</tr>
<tr>
<td>grid_10_7_dqCMnuym_1590726613.cnf</td>
<td>1254</td>
<td>3719</td>
<td>3161</td>
<td>0.610796</td>
<td>6384</td>
</tr>
<tr>
<td>grid_10_7_dqCMnuym_1590726614.cnf</td>
<td>1254</td>
<td>3719</td>
<td>2958</td>
<td>0.706845</td>
<td>6384</td>
</tr>
<tr>
<td>grid_10_7_dqCMnuym_1590726615.cnf</td>
<td>1254</td>
<td>3719</td>
<td>2580</td>
<td>0.618829</td>
<td>6384</td>
</tr>
<tr>
<td>grid_10_7_dqCMnuym_1590726616.cnf</td>
<td>1254</td>
<td>3719</td>
<td>3132</td>
<td>0.638415</td>
<td>6384</td>
</tr>
<tr>
<td>grid_10_7_IDS45Srm_1590726622.cnf</td>
<td>1212</td>
<td>3593</td>
<td>2540</td>
<td>0.484357</td>
<td>5035</td>
</tr>
<tr>
<td>grid_10_7_IDS45Srm_1590726623.cnf</td>
<td>1212</td>
<td>3593</td>
<td>2434</td>
<td>0.439493</td>
<td>5035</td>
</tr>
<tr>
<td>grid_10_7_IDS45Srm_1590726624.cnf</td>
<td>1212</td>
<td>3593</td>
<td>2599</td>
<td>0.522442</td>
<td>5035</td>
</tr>
<tr>
<td>grid_10_7_IDS45Srm_1590726625.cnf</td>
<td>1212</td>
<td>3593</td>
<td>2616</td>
<td>0.51449</td>
<td>5035</td>
</tr>
<tr>
<td>grid_10_7_j1x2EWX6_1590726627.cnf</td>
<td>1184</td>
<td>3509</td>
<td>2782</td>
<td>0.603101</td>
<td>5703</td>
</tr>
<tr>
<td>grid_10_7_j1x2EWX6_1590726628.cnf</td>
<td>1184</td>
<td>3509</td>
<td>3772</td>
<td>1.03414</td>
<td>5703</td>
</tr>
<tr>
<td>grid_10_7_j1x2EWX6_1590726629.cnf</td>
<td>1184</td>
<td>3509</td>
<td>3409</td>
<td>0.673316</td>
<td>5703</td>
</tr>
<tr>
<td>grid_10_7_j1x2EWX6_1590726630.cnf</td>
<td>1184</td>
<td>3509</td>
<td>2655</td>
<td>0.505502</td>
<td>5703</td>
</tr>
<tr>
<td>grid_10_7_oAhNTqZ5_1590726597.cnf</td>
<td>1170</td>
<td>3467</td>
<td>3504</td>
<td>0.590684</td>
<td>7530</td>
</tr>
<tr>
<td>grid_10_7_oAhNTqZ5_1590726598.cnf</td>
<td>1170</td>
<td>3467</td>
<td>3842</td>
<td>0.72345</td>
<td>7530</td>
</tr>
<tr>
<td>grid_10_7_PjcXs86E_1590726614.cnf</td>
<td>1219</td>
<td>3614</td>
<td>2275</td>
<td>0.550301</td>
<td>4912</td>
</tr>
<tr>
<td>grid_10_7_PjcXs86E_1590726615.cnf</td>
<td>1219</td>
<td>3614</td>
<td>2302</td>
<td>0.552141</td>
<td>4912</td>
</tr>
<tr>
<td>grid_10_7_PjcXs86E_1590726616.cnf</td>
<td>1219</td>
<td>3614</td>
<td>2429</td>
<td>0.595955</td>
<td>4912</td>
</tr>
<tr>
<td>grid_10_7_PjcXs86E_1590726617.cnf</td>
<td>1219</td>
<td>3614</td>
<td>2522</td>
<td>0.661328</td>
<td>4912</td>
</tr>
<tr>
<td>grid_10_7_pUFH6NDt_1590726631.cnf</td>
<td>1212</td>
<td>3593</td>
<td>3810</td>
<td>0.95167</td>
<td>7449</td>
</tr>
<tr>
<td>grid_10_7_pUFH6NDt_1590726632.cnf</td>
<td>1212</td>
<td>3593</td>
<td>3689</td>
<td>0.891111</td>
<td>7449</td>
</tr>
<tr>
<td>grid_10_7_pUFH6NDt_1590726633.cnf</td>
<td>1212</td>
<td>3593</td>
<td>3935</td>
<td>1.01307</td>
<td>7449</td>
</tr>
<tr>
<td>grid_10_7_pUFH6NDt_1590726634.cnf</td>
<td>1212</td>
<td>3593</td>
<td>3817</td>
<td>0.863316</td>
<td>7449</td>
</tr>
<tr>
<td>grid_10_7_wEe0a9bF_1590726626.cnf</td>
<td>1177</td>
<td>3488</td>
<td>4347</td>
<td>1.17805</td>
<td>6660</td>
</tr>
<tr>
<td>grid_10_7_wEe0a9bF_1590726627.cnf</td>
<td>1177</td>
<td>3488</td>
<td>3449</td>
<td>0.758359</td>
<td>6660</td>
</tr>
<tr>
<td>grid_10_7_wEe0a9bF_1590726628.cnf</td>
<td>1177</td>
<td>3488</td>
<td>4356</td>
<td>1.09501</td>
<td>6660</td>
</tr>
<tr>
<td>grid_10_7_wEe0a9bF_1590726629.cnf</td>
<td>1177</td>
<td>3488</td>
<td>3679</td>
<td>0.874</td>
<td>6660</td>
</tr>
<tr>
<td>grid_10_7_XdRMLWfl_1590726621.cnf</td>
<td>1226</td>
<td>3635</td>
<td>3298</td>
<td>0.747038</td>
<td>10019</td>
</tr>
<tr>
<td>grid_10_7_XdRMLWfl_1590726622.cnf</td>
<td>1226</td>
<td>3635</td>
<td>2614</td>
<td>0.55575</td>
<td>10019</td>
</tr>
<tr>
<td>grid_10_7_XdRMLWfl_1590726623.cnf</td>
<td>1226</td>
<td>3635</td>
<td>2599</td>
<td>0.44851</td>
<td>10019</td>
</tr>
<tr>
<td>grid_10_7_XdRMLWfl_1590726624.cnf</td>
<td>1226</td>
<td>3635</td>
<td>3635</td>
<td>0.819373</td>
<td>10019</td>
</tr>
<tr>
<td>grid_10_8_9keXftz7_1590726598.cnf</td>
<td>1401</td>
<td>4154</td>
<td>18121</td>
<td>7.88068</td>
<td>38512</td>
</tr>
<tr>
<td>grid_10_8_9keXftz7_1590726599.cnf</td>
<td>1401</td>
<td>4154</td>
<td>18969</td>
<td>7.95141</td>
<td>38512</td>
</tr>
<tr>
<td>grid_10_8_9keXftz7_1590726600.cnf</td>
<td>1401</td>
<td>4154</td>
<td>15412</td>
<td>4.75074</td>
<td>38512</td>
</tr>
<tr>
<td>grid_10_8_ffOST0Ex_1590726623.cnf</td>
<td>1385</td>
<td>4106</td>
<td>8777</td>
<td>2.12761</td>
<td>24800</td>
</tr>
<tr>
<td>grid_10_8_ffOST0Ex_1590726624.cnf</td>
<td>1385</td>
<td>4106</td>
<td>6280</td>
<td>2.04116</td>
<td>24800</td>
</tr>
<tr>
<td>grid_10_8_ffOST0Ex_1590726625.cnf</td>
<td>1385</td>
<td>4106</td>
<td>8304</td>
<td>2.24282</td>
<td>24800</td>
</tr>
<tr>
<td>grid_10_8_ffOST0Ex_1590726626.cnf</td>
<td>1385</td>
<td>4106</td>
<td>9301</td>
<td>2.33469</td>
<td>24800</td>
</tr>
<tr>
<td>grid_10_8_gSXKHDcW_1590726602.cnf</td>
<td>1385</td>
<td>4106</td>
<td>5966</td>
<td>1.87509</td>
<td>11313</td>
</tr>
<tr>
<td>grid_10_8_gSXKHDcW_1590726603.cnf</td>
<td>1385</td>
<td>4106</td>
<td>5595</td>
<td>1.75665</td>
<td>11313</td>
</tr>
<tr>
<td>grid_10_8_gSXKHDcW_1590726604.cnf</td>
<td>1385</td>
<td>4106</td>
<td>6064</td>
<td>2.00691</td>
<td>11313</td>
</tr>
<tr>
<td>grid_10_8_gSXKHDcW_1590726605.cnf</td>
<td>1385</td>
<td>4106</td>
<td>5957</td>
<td>2.24728</td>
<td>11313</td>
</tr>
<tr>
<td>grid_10_8_K4RJDoQu_1590726600.cnf</td>
<td>1417</td>
<td>4202</td>
<td>4260</td>
<td>1.58862</td>
<td>8899</td>
</tr>
<tr>
<td>grid_10_8_K4RJDoQu_1590726601.cnf</td>
<td>1417</td>
<td>4202</td>
<td>4904</td>
<td>1.39297</td>
<td>8899</td>
</tr>
<tr>
<td>grid_10_8_K4RJDoQu_1590726602.cnf</td>
<td>1417</td>
<td>4202</td>
<td>5518</td>
<td>1.54008</td>
<td>8899</td>
</tr>
<tr>
<td>grid_10_8_K4RJDoQu_1590726603.cnf</td>
<td>1417</td>
<td>4202</td>
<td>4634</td>
<td>1.22478</td>
<td>8899</td>
</tr>
<tr>
<td>grid_10_8_k6QmWmxU_1590726608.cnf</td>
<td>1305</td>
<td>3866</td>
<td>19494</td>
<td>5.13589</td>
<td>64397</td>
</tr>
<tr>
<td>grid_10_8_k6QmWmxU_1590726609.cnf</td>
<td>1305</td>
<td>3866</td>
<td>17081</td>
<td>4.00945</td>
<td>64397</td>
</tr>
<tr>
<td>grid_10_8_k6QmWmxU_1590726610.cnf</td>
<td>1305</td>
<td>3866</td>
<td>18209</td>
<td>4.11223</td>
<td>64397</td>
</tr>
<tr>
<td>grid_10_8_k6QmWmxU_1590726611.cnf</td>
<td>1305</td>
<td>3866</td>
<td>16351</td>
<td>4.05798</td>
<td>64397</td>
</tr>
<tr>
<td>grid_10_8_kpJhtuMS_1590726601.cnf</td>
<td>1369</td>
<td>4058</td>
<td>1999</td>
<td>0.450307</td>
<td>3020</td>
</tr>
<tr>
<td>grid_10_8_kpJhtuMS_1590726602.cnf</td>
<td>1369</td>
<td>4058</td>
<td>1827</td>
<td>0.415392</td>
<td>3020</td>
</tr>
<tr>
<td>grid_10_8_kpJhtuMS_1590726603.cnf</td>
<td>1369</td>
<td>4058</td>
<td>1871</td>
<td>0.410004</td>
<td>3020</td>
</tr>
<tr>
<td>grid_10_8_kpJhtuMS_1590726604.cnf</td>
<td>1369</td>
<td>4058</td>
<td>1814</td>
<td>0.430943</td>
<td>3020</td>
</tr>
<tr>
<td>grid_10_8_L7vK6SXO_1590726607.cnf</td>
<td>1353</td>
<td>4010</td>
<td>10684</td>
<td>2.32508</td>
<td>32184</td>
</tr>
<tr>
<td>grid_10_8_L7vK6SXO_1590726608.cnf</td>
<td>1353</td>
<td>4010</td>
<td>10928</td>
<td>2.7568</td>
<td>32184</td>
</tr>
<tr>
<td>grid_10_8_L7vK6SXO_1590726609.cnf</td>
<td>1353</td>
<td>4010</td>
<td>11197</td>
<td>2.78773</td>
<td>32184</td>
</tr>
<tr>
<td>grid_10_8_L7vK6SXO_1590726610.cnf</td>
<td>1353</td>
<td>4010</td>
<td>12820</td>
<td>2.99269</td>
<td>32184</td>
</tr>
<tr>
<td>grid_10_8_MiTTVCjb_1590726628.cnf</td>
<td>1433</td>
<td>4250</td>
<td>14241</td>
<td>4.6413</td>
<td>26502</td>
</tr>
<tr>
<td>grid_10_8_MiTTVCjb_1590726629.cnf</td>
<td>1433</td>
<td>4250</td>
<td>9265</td>
<td>2.93944</td>
<td>26502</td>
</tr>
<tr>
<td>grid_10_8_MiTTVCjb_1590726630.cnf</td>
<td>1433</td>
<td>4250</td>
<td>12618</td>
<td>3.84446</td>
<td>26502</td>
</tr>
<tr>
<td>grid_10_8_MiTTVCjb_1590726631.cnf</td>
<td>1433</td>
<td>4250</td>
<td>10631</td>
<td>3.29996</td>
<td>26502</td>
</tr>
<tr>
<td>grid_10_8_PGSve0qA_1590726625.cnf</td>
<td>1345</td>
<td>3986</td>
<td>14427</td>
<td>4.27926</td>
<td>39957</td>
</tr>
<tr>
<td>grid_10_8_PGSve0qA_1590726626.cnf</td>
<td>1345</td>
<td>3986</td>
<td>16531</td>
<td>4.70032</td>
<td>39957</td>
</tr>
<tr>
<td>grid_10_8_PGSve0qA_1590726627.cnf</td>
<td>1345</td>
<td>3986</td>
<td>11578</td>
<td>3.09177</td>
<td>39957</td>
</tr>
<tr>
<td>grid_10_8_PGSve0qA_1590726628.cnf</td>
<td>1345</td>
<td>3986</td>
<td>17256</td>
<td>4.86238</td>
<td>39957</td>
</tr>
<tr>
<td>grid_10_8_PtFJGeBP_1590726633.cnf</td>
<td>1393</td>
<td>4130</td>
<td>4636</td>
<td>0.939886</td>
<td>37501</td>
</tr>
<tr>
<td>grid_10_8_PtFJGeBP_1590726634.cnf</td>
<td>1393</td>
<td>4130</td>
<td>3855</td>
<td>0.838216</td>
<td>37501</td>
</tr>
<tr>
<td>grid_10_8_PtFJGeBP_1590726635.cnf</td>
<td>1393</td>
<td>4130</td>
<td>3361</td>
<td>0.778613</td>
<td>37501</td>
</tr>
<tr>
<td>grid_10_8_QO4C5R0B_1590726618.cnf</td>
<td>1369</td>
<td>4058</td>
<td>6301</td>
<td>1.88165</td>
<td>12245</td>
</tr>
<tr>
<td>grid_10_8_QO4C5R0B_1590726619.cnf</td>
<td>1369</td>
<td>4058</td>
<td>6369</td>
<td>1.68421</td>
<td>12245</td>
</tr>
<tr>
<td>grid_10_8_QO4C5R0B_1590726620.cnf</td>
<td>1369</td>
<td>4058</td>
<td>6629</td>
<td>2.80139</td>
<td>12245</td>
</tr>
<tr>
<td>grid_10_8_QO4C5R0B_1590726621.cnf</td>
<td>1369</td>
<td>4058</td>
<td>6899</td>
<td>1.86968</td>
<td>12245</td>
</tr>
<tr>
<td>grid_10_8_XQOuLbaE_1590726637.cnf</td>
<td>1417</td>
<td>4202</td>
<td>16649</td>
<td>4.93274</td>
<td>31884</td>
</tr>
<tr>
<td>grid_10_8_ypiKXctQ_1590726603.cnf</td>
<td>1337</td>
<td>3962</td>
<td>20388</td>
<td>4.54403</td>
<td>58153</td>
</tr>
<tr>
<td>grid_10_8_ypiKXctQ_1590726604.cnf</td>
<td>1337</td>
<td>3962</td>
<td>16081</td>
<td>11.2088</td>
<td>58153</td>
</tr>
<tr>
<td>grid_10_8_ypiKXctQ_1590726605.cnf</td>
<td>1337</td>
<td>3962</td>
<td>15535</td>
<td>4.30275</td>
<td>58153</td>
</tr>
<tr>
<td>grid_10_8_ypiKXctQ_1590726606.cnf</td>
<td>1337</td>
<td>3962</td>
<td>16279</td>
<td>3.50109</td>
<td>58153</td>
</tr>
<tr>
<td>grid_10_8_zUg0zsxp_1590726620.cnf</td>
<td>1385</td>
<td>4106</td>
<td>8537</td>
<td>2.18976</td>
<td>22974</td>
</tr>
<tr>
<td>grid_10_8_zUg0zsxp_1590726621.cnf</td>
<td>1385</td>
<td>4106</td>
<td>10391</td>
<td>2.41048</td>
<td>22974</td>
</tr>
<tr>
<td>grid_10_8_zUg0zsxp_1590726622.cnf</td>
<td>1385</td>
<td>4106</td>
<td>9977</td>
<td>2.55315</td>
<td>22974</td>
</tr>
<tr>
<td>grid_10_8_zUg0zsxp_1590726623.cnf</td>
<td>1385</td>
<td>4106</td>
<td>7065</td>
<td>2.15621</td>
<td>22974</td>
</tr>
<tr>
<td>grid_10_9_3yWeVh85_1590726615.cnf</td>
<td>1648</td>
<td>4889</td>
<td>2867</td>
<td>1.04563</td>
<td>8241</td>
</tr>
<tr>
<td>grid_10_9_3yWeVh85_1590726616.cnf</td>
<td>1648</td>
<td>4889</td>
<td>3130</td>
<td>1.12934</td>
<td>8241</td>
</tr>
<tr>
<td>grid_10_9_3yWeVh85_1590726617.cnf</td>
<td>1648</td>
<td>4889</td>
<td>3031</td>
<td>1.09891</td>
<td>8241</td>
</tr>
<tr>
<td>grid_10_9_3yWeVh85_1590726618.cnf</td>
<td>1648</td>
<td>4889</td>
<td>2925</td>
<td>1.07817</td>
<td>8241</td>
</tr>
<tr>
<td>grid_10_9_BSMSHfc0_1590726630.cnf</td>
<td>1585</td>
<td>4700</td>
<td>37130</td>
<td>13.7663</td>
<td>99589</td>
</tr>
<tr>
<td>grid_10_9_BSMSHfc0_1590726631.cnf</td>
<td>1585</td>
<td>4700</td>
<td>30414</td>
<td>11.5135</td>
<td>99589</td>
</tr>
<tr>
<td>grid_10_9_BSMSHfc0_1590726632.cnf</td>
<td>1585</td>
<td>4700</td>
<td>28358</td>
<td>10.7625</td>
<td>99589</td>
</tr>
<tr>
<td>grid_10_9_BSMSHfc0_1590726633.cnf</td>
<td>1585</td>
<td>4700</td>
<td>38783</td>
<td>16.9192</td>
<td>99589</td>
</tr>
<tr>
<td>grid_10_9_cL9Wftob_1590726624.cnf</td>
<td>1504</td>
<td>4457</td>
<td>10716</td>
<td>2.89492</td>
<td>71629</td>
</tr>
<tr>
<td>grid_10_9_cL9Wftob_1590726625.cnf</td>
<td>1504</td>
<td>4457</td>
<td>16244</td>
<td>4.94446</td>
<td>71629</td>
</tr>
<tr>
<td>grid_10_9_cL9Wftob_1590726626.cnf</td>
<td>1504</td>
<td>4457</td>
<td>17713</td>
<td>4.62325</td>
<td>71629</td>
</tr>
<tr>
<td>grid_10_9_cL9Wftob_1590726627.cnf</td>
<td>1504</td>
<td>4457</td>
<td>11870</td>
<td>3.02721</td>
<td>71629</td>
</tr>
<tr>
<td>grid_10_9_fWfgMpp5_1590726616.cnf</td>
<td>1504</td>
<td>4457</td>
<td>27299</td>
<td>8.77007</td>
<td>119852</td>
</tr>
<tr>
<td>grid_10_9_fWfgMpp5_1590726617.cnf</td>
<td>1504</td>
<td>4457</td>
<td>17444</td>
<td>6.50546</td>
<td>119852</td>
</tr>
<tr>
<td>grid_10_9_fWfgMpp5_1590726618.cnf</td>
<td>1504</td>
<td>4457</td>
<td>33764</td>
<td>12.701</td>
<td>119852</td>
</tr>
<tr>
<td>grid_10_9_fWfgMpp5_1590726619.cnf</td>
<td>1504</td>
<td>4457</td>
<td>21428</td>
<td>7.87149</td>
<td>119852</td>
</tr>
<tr>
<td>grid_10_9_ISslFFLs_1590726617.cnf</td>
<td>1531</td>
<td>4538</td>
<td>24932</td>
<td>7.8954</td>
<td>144701</td>
</tr>
<tr>
<td>grid_10_9_ISslFFLs_1590726618.cnf</td>
<td>1531</td>
<td>4538</td>
<td>27890</td>
<td>9.42727</td>
<td>144701</td>
</tr>
<tr>
<td>grid_10_9_ISslFFLs_1590726619.cnf</td>
<td>1531</td>
<td>4538</td>
<td>28695</td>
<td>8.679</td>
<td>144701</td>
</tr>
<tr>
<td>grid_10_9_ISslFFLs_1590726620.cnf</td>
<td>1531</td>
<td>4538</td>
<td>30807</td>
<td>10.2491</td>
<td>144701</td>
</tr>
<tr>
<td>grid_10_9_p52sxPht_1590726612.cnf</td>
<td>1513</td>
<td>4484</td>
<td>16697</td>
<td>6.35539</td>
<td>55551</td>
</tr>
<tr>
<td>grid_10_9_p52sxPht_1590726613.cnf</td>
<td>1513</td>
<td>4484</td>
<td>16508</td>
<td>6.18294</td>
<td>55551</td>
</tr>
<tr>
<td>grid_10_9_p52sxPht_1590726614.cnf</td>
<td>1513</td>
<td>4484</td>
<td>14652</td>
<td>5.39246</td>
<td>55551</td>
</tr>
<tr>
<td>grid_10_9_p52sxPht_1590726615.cnf</td>
<td>1513</td>
<td>4484</td>
<td>18139</td>
<td>6.96765</td>
<td>55551</td>
</tr>
<tr>
<td>grid_10_9_Q81QQyK1_1590726629.cnf</td>
<td>1540</td>
<td>4565</td>
<td>27630</td>
<td>12.6925</td>
<td>71836</td>
</tr>
<tr>
<td>grid_10_9_Q81QQyK1_1590726630.cnf</td>
<td>1540</td>
<td>4565</td>
<td>19298</td>
<td>9.49886</td>
<td>71836</td>
</tr>
<tr>
<td>grid_10_9_Q81QQyK1_1590726631.cnf</td>
<td>1540</td>
<td>4565</td>
<td>20310</td>
<td>8.05641</td>
<td>71836</td>
</tr>
<tr>
<td>grid_10_9_Q81QQyK1_1590726632.cnf</td>
<td>1540</td>
<td>4565</td>
<td>26385</td>
<td>10.7345</td>
<td>71836</td>
</tr>
<tr>
<td>grid_10_9_tFUtO3Qc_1590726619.cnf</td>
<td>1585</td>
<td>4700</td>
<td>61253</td>
<td>20.7538</td>
<td>228570</td>
</tr>
<tr>
<td>grid_10_9_tFUtO3Qc_1590726620.cnf</td>
<td>1585</td>
<td>4700</td>
<td>53806</td>
<td>18.4646</td>
<td>228570</td>
</tr>
<tr>
<td>grid_10_9_tFUtO3Qc_1590726621.cnf</td>
<td>1585</td>
<td>4700</td>
<td>60513</td>
<td>21.8955</td>
<td>228570</td>
</tr>
<tr>
<td>grid_10_9_tFUtO3Qc_1590726622.cnf</td>
<td>1585</td>
<td>4700</td>
<td>55939</td>
<td>19.61</td>
<td>228570</td>
</tr>
<tr>
<td>grid_10_9_U9bH2S6i_1590726609.cnf</td>
<td>1558</td>
<td>4619</td>
<td>30458</td>
<td>10.2205</td>
<td>64686</td>
</tr>
<tr>
<td>grid_10_9_U9bH2S6i_1590726610.cnf</td>
<td>1558</td>
<td>4619</td>
<td>29824</td>
<td>10.0062</td>
<td>64686</td>
</tr>
<tr>
<td>grid_10_9_U9bH2S6i_1590726611.cnf</td>
<td>1558</td>
<td>4619</td>
<td>29759</td>
<td>9.7528</td>
<td>64686</td>
</tr>
<tr>
<td>grid_10_9_U9bH2S6i_1590726612.cnf</td>
<td>1558</td>
<td>4619</td>
<td>29766</td>
<td>9.68986</td>
<td>64686</td>
</tr>
<tr>
<td>grid_10_9_WI2d7RiF_1590726599.cnf</td>
<td>1495</td>
<td>4430</td>
<td>69318</td>
<td>32.5966</td>
<td>221428</td>
</tr>
<tr>
<td>grid_10_9_WI2d7RiF_1590726600.cnf</td>
<td>1495</td>
<td>4430</td>
<td>78712</td>
<td>42.1774</td>
<td>221428</td>
</tr>
<tr>
<td>grid_10_9_WI2d7RiF_1590726601.cnf</td>
<td>1495</td>
<td>4430</td>
<td>85736</td>
<td>37.4738</td>
<td>221428</td>
</tr>
<tr>
<td>grid_10_9_WI2d7RiF_1590726602.cnf</td>
<td>1495</td>
<td>4430</td>
<td>89459</td>
<td>31.8664</td>
<td>221428</td>
</tr>
<tr>
<td>grid_10_9_y3j4XAqz_1590726611.cnf</td>
<td>1549</td>
<td>4592</td>
<td>4781</td>
<td>1.5761</td>
<td>32220</td>
</tr>
<tr>
<td>grid_10_9_y3j4XAqz_1590726612.cnf</td>
<td>1549</td>
<td>4592</td>
<td>4568</td>
<td>1.34364</td>
<td>32220</td>
</tr>
<tr>
<td>grid_10_9_y3j4XAqz_1590726613.cnf</td>
<td>1549</td>
<td>4592</td>
<td>4556</td>
<td>1.3142</td>
<td>32220</td>
</tr>
<tr>
<td>grid_10_9_y3j4XAqz_1590726614.cnf</td>
<td>1549</td>
<td>4592</td>
<td>5150</td>
<td>1.88065</td>
<td>32220</td>
</tr>
<tr>
<td>grid_10_7_09h62b2Q_1590726635.cnf</td>
<td>1135</td>
<td>3362</td>
<td>3529</td>
<td>0.517792</td>
<td>5317</td>
</tr>
<tr>
<td>grid_10_7_09h62b2Q_1590726636.cnf</td>
<td>1135</td>
<td>3362</td>
<td>3875</td>
<td>0.568752</td>
<td>5317</td>
</tr>
<tr>
<td>grid_10_7_3Selju6g_1590726605.cnf</td>
<td>1149</td>
<td>3404</td>
<td>3089</td>
<td>0.458068</td>
<td>4432</td>
</tr>
<tr>
<td>grid_10_7_3Selju6g_1590726606.cnf</td>
<td>1149</td>
<td>3404</td>
<td>2801</td>
<td>0.409776</td>
<td>4432</td>
</tr>
<tr>
<td>grid_10_7_3Selju6g_1590726607.cnf</td>
<td>1149</td>
<td>3404</td>
<td>2737</td>
<td>0.360175</td>
<td>4432</td>
</tr>
<tr>
<td>grid_10_7_3Selju6g_1590726608.cnf</td>
<td>1149</td>
<td>3404</td>
<td>2868</td>
<td>0.42746</td>
<td>4432</td>
</tr>
<tr>
<td>grid_10_7_a01OpVL2_1590726610.cnf</td>
<td>1261</td>
<td>3740</td>
<td>2946</td>
<td>0.465519</td>
<td>4127</td>
</tr>
<tr>
<td>grid_10_7_a01OpVL2_1590726611.cnf</td>
<td>1261</td>
<td>3740</td>
<td>2670</td>
<td>0.453616</td>
<td>4127</td>
</tr>
<tr>
<td>grid_10_7_a01OpVL2_1590726612.cnf</td>
<td>1261</td>
<td>3740</td>
<td>2575</td>
<td>0.429125</td>
<td>4127</td>
</tr>
<tr>
<td>grid_10_7_a01OpVL2_1590726613.cnf</td>
<td>1261</td>
<td>3740</td>
<td>2315</td>
<td>0.371481</td>
<td>4127</td>
</tr>
<tr>
<td>grid_10_7_AtCrqd4T_1590726606.cnf</td>
<td>1198</td>
<td>3551</td>
<td>3106</td>
<td>0.522492</td>
<td>4615</td>
</tr>
<tr>
<td>grid_10_7_AtCrqd4T_1590726607.cnf</td>
<td>1198</td>
<td>3551</td>
<td>2741</td>
<td>0.457677</td>
<td>4615</td>
</tr>
<tr>
<td>grid_10_7_AtCrqd4T_1590726608.cnf</td>
<td>1198</td>
<td>3551</td>
<td>3043</td>
<td>0.507696</td>
<td>4615</td>
</tr>
<tr>
<td>grid_10_7_AtCrqd4T_1590726609.cnf</td>
<td>1198</td>
<td>3551</td>
<td>3111</td>
<td>0.504245</td>
<td>4615</td>
</tr>
<tr>
<td>grid_10_7_Cg13AZhC_1590726604.cnf</td>
<td>1205</td>
<td>3572</td>
<td>6036</td>
<td>0.659545</td>
<td>13307</td>
</tr>
<tr>
<td>grid_10_7_Cg13AZhC_1590726605.cnf</td>
<td>1205</td>
<td>3572</td>
<td>5768</td>
<td>0.702714</td>
<td>13307</td>
</tr>
<tr>
<td>grid_10_7_Cg13AZhC_1590726606.cnf</td>
<td>1205</td>
<td>3572</td>
<td>5499</td>
<td>0.582006</td>
<td>13307</td>
</tr>
<tr>
<td>grid_10_7_Cg13AZhC_1590726607.cnf</td>
<td>1205</td>
<td>3572</td>
<td>5108</td>
<td>0.578066</td>
<td>13307</td>
</tr>
<tr>
<td>grid_10_7_dqCMnuym_1590726613.cnf</td>
<td>1254</td>
<td>3719</td>
<td>3161</td>
<td>0.438831</td>
<td>6384</td>
</tr>
<tr>
<td>grid_10_7_dqCMnuym_1590726614.cnf</td>
<td>1254</td>
<td>3719</td>
<td>2958</td>
<td>0.420469</td>
<td>6384</td>
</tr>
<tr>
<td>grid_10_7_dqCMnuym_1590726615.cnf</td>
<td>1254</td>
<td>3719</td>
<td>2580</td>
<td>0.36783</td>
<td>6384</td>
</tr>
<tr>
<td>grid_10_7_dqCMnuym_1590726616.cnf</td>
<td>1254</td>
<td>3719</td>
<td>3132</td>
<td>0.466862</td>
<td>6384</td>
</tr>
<tr>
<td>grid_10_7_IDS45Srm_1590726622.cnf</td>
<td>1212</td>
<td>3593</td>
<td>2540</td>
<td>0.38094</td>
<td>5035</td>
</tr>
<tr>
<td>grid_10_7_IDS45Srm_1590726623.cnf</td>
<td>1212</td>
<td>3593</td>
<td>2434</td>
<td>0.341207</td>
<td>5035</td>
</tr>
<tr>
<td>grid_10_7_IDS45Srm_1590726624.cnf</td>
<td>1212</td>
<td>3593</td>
<td>2599</td>
<td>0.3816</td>
<td>5035</td>
</tr>
<tr>
<td>grid_10_7_IDS45Srm_1590726625.cnf</td>
<td>1212</td>
<td>3593</td>
<td>2616</td>
<td>0.375753</td>
<td>5035</td>
</tr>
<tr>
<td>grid_10_7_j1x2EWX6_1590726627.cnf</td>
<td>1184</td>
<td>3509</td>
<td>2782</td>
<td>0.36614</td>
<td>5703</td>
</tr>
<tr>
<td>grid_10_7_j1x2EWX6_1590726628.cnf</td>
<td>1184</td>
<td>3509</td>
<td>3772</td>
<td>0.601286</td>
<td>5703</td>
</tr>
<tr>
<td>grid_10_7_j1x2EWX6_1590726629.cnf</td>
<td>1184</td>
<td>3509</td>
<td>3409</td>
<td>0.477583</td>
<td>5703</td>
</tr>
<tr>
<td>grid_10_7_j1x2EWX6_1590726630.cnf</td>
<td>1184</td>
<td>3509</td>
<td>2655</td>
<td>0.372159</td>
<td>5703</td>
</tr>
<tr>
<td>grid_10_7_oAhNTqZ5_1590726597.cnf</td>
<td>1170</td>
<td>3467</td>
<td>3504</td>
<td>0.454065</td>
<td>7530</td>
</tr>
<tr>
<td>grid_10_7_oAhNTqZ5_1590726598.cnf</td>
<td>1170</td>
<td>3467</td>
<td>3842</td>
<td>0.549312</td>
<td>7530</td>
</tr>
<tr>
<td>grid_10_7_PjcXs86E_1590726614.cnf</td>
<td>1219</td>
<td>3614</td>
<td>2275</td>
<td>0.309198</td>
<td>4912</td>
</tr>
<tr>
<td>grid_10_7_PjcXs86E_1590726615.cnf</td>
<td>1219</td>
<td>3614</td>
<td>2302</td>
<td>0.309825</td>
<td>4912</td>
</tr>
<tr>
<td>grid_10_7_PjcXs86E_1590726616.cnf</td>
<td>1219</td>
<td>3614</td>
<td>2429</td>
<td>0.339721</td>
<td>4912</td>
</tr>
<tr>
<td>grid_10_7_PjcXs86E_1590726617.cnf</td>
<td>1219</td>
<td>3614</td>
<td>2522</td>
<td>0.39225</td>
<td>4912</td>
</tr>
<tr>
<td>grid_10_7_pUFH6NDt_1590726631.cnf</td>
<td>1212</td>
<td>3593</td>
<td>3810</td>
<td>0.559702</td>
<td>7449</td>
</tr>
<tr>
<td>grid_10_7_pUFH6NDt_1590726632.cnf</td>
<td>1212</td>
<td>3593</td>
<td>3689</td>
<td>0.560705</td>
<td>7449</td>
</tr>
<tr>
<td>grid_10_7_pUFH6NDt_1590726633.cnf</td>
<td>1212</td>
<td>3593</td>
<td>3935</td>
<td>0.606521</td>
<td>7449</td>
</tr>
<tr>
<td>grid_10_7_pUFH6NDt_1590726634.cnf</td>
<td>1212</td>
<td>3593</td>
<td>3817</td>
<td>0.58421</td>
<td>7449</td>
</tr>
<tr>
<td>grid_10_7_wEe0a9bF_1590726626.cnf</td>
<td>1177</td>
<td>3488</td>
<td>4347</td>
<td>0.714669</td>
<td>6660</td>
</tr>
<tr>
<td>grid_10_7_wEe0a9bF_1590726627.cnf</td>
<td>1177</td>
<td>3488</td>
<td>3449</td>
<td>0.531369</td>
<td>6660</td>
</tr>
<tr>
<td>grid_10_7_wEe0a9bF_1590726628.cnf</td>
<td>1177</td>
<td>3488</td>
<td>4356</td>
<td>0.664279</td>
<td>6660</td>
</tr>
<tr>
<td>grid_10_7_wEe0a9bF_1590726629.cnf</td>
<td>1177</td>
<td>3488</td>
<td>3679</td>
<td>0.596969</td>
<td>6660</td>
</tr>
<tr>
<td>grid_10_7_XdRMLWfl_1590726621.cnf</td>
<td>1226</td>
<td>3635</td>
<td>3298</td>
<td>0.426449</td>
<td>10019</td>
</tr>
<tr>
<td>grid_10_7_XdRMLWfl_1590726622.cnf</td>
<td>1226</td>
<td>3635</td>
<td>2614</td>
<td>0.316954</td>
<td>10019</td>
</tr>
<tr>
<td>grid_10_7_XdRMLWfl_1590726623.cnf</td>
<td>1226</td>
<td>3635</td>
<td>2599</td>
<td>0.338942</td>
<td>10019</td>
</tr>
<tr>
<td>grid_10_7_XdRMLWfl_1590726624.cnf</td>
<td>1226</td>
<td>3635</td>
<td>3635</td>
<td>0.461743</td>
<td>10019</td>
</tr>
<tr>
<td>grid_10_8_9keXftz7_1590726598.cnf</td>
<td>1401</td>
<td>4154</td>
<td>18121</td>
<td>4.12908</td>
<td>38512</td>
</tr>
<tr>
<td>grid_10_8_9keXftz7_1590726599.cnf</td>
<td>1401</td>
<td>4154</td>
<td>18969</td>
<td>4.34916</td>
<td>38512</td>
</tr>
<tr>
<td>grid_10_8_9keXftz7_1590726600.cnf</td>
<td>1401</td>
<td>4154</td>
<td>15412</td>
<td>3.05848</td>
<td>38512</td>
</tr>
<tr>
<td>grid_10_8_ffOST0Ex_1590726623.cnf</td>
<td>1385</td>
<td>4106</td>
<td>8777</td>
<td>1.39973</td>
<td>24800</td>
</tr>
<tr>
<td>grid_10_8_ffOST0Ex_1590726624.cnf</td>
<td>1385</td>
<td>4106</td>
<td>6280</td>
<td>1.08222</td>
<td>24800</td>
</tr>
<tr>
<td>grid_10_8_ffOST0Ex_1590726625.cnf</td>
<td>1385</td>
<td>4106</td>
<td>8304</td>
<td>1.34278</td>
<td>24800</td>
</tr>
<tr>
<td>grid_10_8_ffOST0Ex_1590726626.cnf</td>
<td>1385</td>
<td>4106</td>
<td>9301</td>
<td>1.57594</td>
<td>24800</td>
</tr>
<tr>
<td>grid_10_8_gSXKHDcW_1590726602.cnf</td>
<td>1385</td>
<td>4106</td>
<td>5966</td>
<td>1.28268</td>
<td>11313</td>
</tr>
<tr>
<td>grid_10_8_gSXKHDcW_1590726603.cnf</td>
<td>1385</td>
<td>4106</td>
<td>5595</td>
<td>1.17494</td>
<td>11313</td>
</tr>
<tr>
<td>grid_10_8_gSXKHDcW_1590726604.cnf</td>
<td>1385</td>
<td>4106</td>
<td>6064</td>
<td>1.29296</td>
<td>11313</td>
</tr>
<tr>
<td>grid_10_8_gSXKHDcW_1590726605.cnf</td>
<td>1385</td>
<td>4106</td>
<td>5957</td>
<td>1.37963</td>
<td>11313</td>
</tr>
<tr>
<td>grid_10_8_K4RJDoQu_1590726600.cnf</td>
<td>1417</td>
<td>4202</td>
<td>4260</td>
<td>0.771735</td>
<td>8899</td>
</tr>
<tr>
<td>grid_10_8_K4RJDoQu_1590726601.cnf</td>
<td>1417</td>
<td>4202</td>
<td>4904</td>
<td>0.813541</td>
<td>8899</td>
</tr>
<tr>
<td>grid_10_8_K4RJDoQu_1590726602.cnf</td>
<td>1417</td>
<td>4202</td>
<td>5518</td>
<td>0.987445</td>
<td>8899</td>
</tr>
<tr>
<td>grid_10_8_K4RJDoQu_1590726603.cnf</td>
<td>1417</td>
<td>4202</td>
<td>4634</td>
<td>0.794068</td>
<td>8899</td>
</tr>
<tr>
<td>grid_10_8_k6QmWmxU_1590726608.cnf</td>
<td>1305</td>
<td>3866</td>
<td>19494</td>
<td>3.29977</td>
<td>64397</td>
</tr>
<tr>
<td>grid_10_8_k6QmWmxU_1590726609.cnf</td>
<td>1305</td>
<td>3866</td>
<td>17081</td>
<td>2.56922</td>
<td>64397</td>
</tr>
<tr>
<td>grid_10_8_k6QmWmxU_1590726610.cnf</td>
<td>1305</td>
<td>3866</td>
<td>18209</td>
<td>2.59357</td>
<td>64397</td>
</tr>
<tr>
<td>grid_10_8_k6QmWmxU_1590726611.cnf</td>
<td>1305</td>
<td>3866</td>
<td>16351</td>
<td>2.53212</td>
<td>64397</td>
</tr>
<tr>
<td>grid_10_8_kpJhtuMS_1590726601.cnf</td>
<td>1369</td>
<td>4058</td>
<td>1999</td>
<td>0.30761</td>
<td>3020</td>
</tr>
<tr>
<td>grid_10_8_kpJhtuMS_1590726602.cnf</td>
<td>1369</td>
<td>4058</td>
<td>1827</td>
<td>0.293386</td>
<td>3020</td>
</tr>
<tr>
<td>grid_10_8_kpJhtuMS_1590726603.cnf</td>
<td>1369</td>
<td>4058</td>
<td>1871</td>
<td>0.284084</td>
<td>3020</td>
</tr>
<tr>
<td>grid_10_8_kpJhtuMS_1590726604.cnf</td>
<td>1369</td>
<td>4058</td>
<td>1814</td>
<td>0.305653</td>
<td>3020</td>
</tr>
<tr>
<td>grid_10_8_L7vK6SXO_1590726607.cnf</td>
<td>1353</td>
<td>4010</td>
<td>10684</td>
<td>1.46437</td>
<td>32184</td>
</tr>
<tr>
<td>grid_10_8_L7vK6SXO_1590726608.cnf</td>
<td>1353</td>
<td>4010</td>
<td>10928</td>
<td>1.69583</td>
<td>32184</td>
</tr>
<tr>
<td>grid_10_8_L7vK6SXO_1590726609.cnf</td>
<td>1353</td>
<td>4010</td>
<td>11197</td>
<td>1.65514</td>
<td>32184</td>
</tr>
<tr>
<td>grid_10_8_L7vK6SXO_1590726610.cnf</td>
<td>1353</td>
<td>4010</td>
<td>12820</td>
<td>1.77508</td>
<td>32184</td>
</tr>
<tr>
<td>grid_10_8_MiTTVCjb_1590726628.cnf</td>
<td>1433</td>
<td>4250</td>
<td>14241</td>
<td>2.85769</td>
<td>26502</td>
</tr>
<tr>
<td>grid_10_8_MiTTVCjb_1590726629.cnf</td>
<td>1433</td>
<td>4250</td>
<td>9265</td>
<td>1.78239</td>
<td>26502</td>
</tr>
<tr>
<td>grid_10_8_MiTTVCjb_1590726630.cnf</td>
<td>1433</td>
<td>4250</td>
<td>12618</td>
<td>2.54747</td>
<td>26502</td>
</tr>
<tr>
<td>grid_10_8_MiTTVCjb_1590726631.cnf</td>
<td>1433</td>
<td>4250</td>
<td>10631</td>
<td>2.30432</td>
<td>26502</td>
</tr>
<tr>
<td>grid_10_8_PGSve0qA_1590726625.cnf</td>
<td>1345</td>
<td>3986</td>
<td>14427</td>
<td>2.57803</td>
<td>39957</td>
</tr>
<tr>
<td>grid_10_8_PGSve0qA_1590726626.cnf</td>
<td>1345</td>
<td>3986</td>
<td>16531</td>
<td>3.15231</td>
<td>39957</td>
</tr>
<tr>
<td>grid_10_8_PGSve0qA_1590726627.cnf</td>
<td>1345</td>
<td>3986</td>
<td>11578</td>
<td>2.1748</td>
<td>39957</td>
</tr>
<tr>
<td>grid_10_8_PGSve0qA_1590726628.cnf</td>
<td>1345</td>
<td>3986</td>
<td>17256</td>
<td>3.25967</td>
<td>39957</td>
</tr>
<tr>
<td>grid_10_8_PtFJGeBP_1590726633.cnf</td>
<td>1393</td>
<td>4130</td>
<td>4636</td>
<td>0.657779</td>
<td>37501</td>
</tr>
<tr>
<td>grid_10_8_PtFJGeBP_1590726634.cnf</td>
<td>1393</td>
<td>4130</td>
<td>3855</td>
<td>0.535351</td>
<td>37501</td>
</tr>
<tr>
<td>grid_10_8_PtFJGeBP_1590726635.cnf</td>
<td>1393</td>
<td>4130</td>
<td>3361</td>
<td>0.483349</td>
<td>37501</td>
</tr>
<tr>
<td>grid_10_8_QO4C5R0B_1590726618.cnf</td>
<td>1369</td>
<td>4058</td>
<td>6301</td>
<td>1.18354</td>
<td>12245</td>
</tr>
<tr>
<td>grid_10_8_QO4C5R0B_1590726619.cnf</td>
<td>1369</td>
<td>4058</td>
<td>6369</td>
<td>1.09598</td>
<td>12245</td>
</tr>
<tr>
<td>grid_10_8_QO4C5R0B_1590726620.cnf</td>
<td>1369</td>
<td>4058</td>
<td>6629</td>
<td>1.09832</td>
<td>12245</td>
</tr>
<tr>
<td>grid_10_8_QO4C5R0B_1590726621.cnf</td>
<td>1369</td>
<td>4058</td>
<td>6899</td>
<td>1.27062</td>
<td>12245</td>
</tr>
<tr>
<td>grid_10_8_XQOuLbaE_1590726637.cnf</td>
<td>1417</td>
<td>4202</td>
<td>16649</td>
<td>3.28913</td>
<td>31884</td>
</tr>
<tr>
<td>grid_10_8_ypiKXctQ_1590726603.cnf</td>
<td>1337</td>
<td>3962</td>
<td>20388</td>
<td>2.86613</td>
<td>58153</td>
</tr>
<tr>
<td>grid_10_8_ypiKXctQ_1590726604.cnf</td>
<td>1337</td>
<td>3962</td>
<td>16081</td>
<td>2.19924</td>
<td>58153</td>
</tr>
<tr>
<td>grid_10_8_ypiKXctQ_1590726605.cnf</td>
<td>1337</td>
<td>3962</td>
<td>15535</td>
<td>2.26136</td>
<td>58153</td>
</tr>
<tr>
<td>grid_10_8_ypiKXctQ_1590726606.cnf</td>
<td>1337</td>
<td>3962</td>
<td>16279</td>
<td>2.22187</td>
<td>58153</td>
</tr>
<tr>
<td>grid_10_8_zUg0zsxp_1590726620.cnf</td>
<td>1385</td>
<td>4106</td>
<td>8537</td>
<td>1.40977</td>
<td>22974</td>
</tr>
<tr>
<td>grid_10_8_zUg0zsxp_1590726621.cnf</td>
<td>1385</td>
<td>4106</td>
<td>10391</td>
<td>1.69413</td>
<td>22974</td>
</tr>
<tr>
<td>grid_10_8_zUg0zsxp_1590726622.cnf</td>
<td>1385</td>
<td>4106</td>
<td>9977</td>
<td>1.71758</td>
<td>22974</td>
</tr>
<tr>
<td>grid_10_8_zUg0zsxp_1590726623.cnf</td>
<td>1385</td>
<td>4106</td>
<td>7065</td>
<td>1.41672</td>
<td>22974</td>
</tr>
<tr>
<td>grid_10_9_3yWeVh85_1590726615.cnf</td>
<td>1648</td>
<td>4889</td>
<td>2867</td>
<td>0.69355</td>
<td>8241</td>
</tr>
<tr>
<td>grid_10_9_3yWeVh85_1590726616.cnf</td>
<td>1648</td>
<td>4889</td>
<td>3130</td>
<td>0.750193</td>
<td>8241</td>
</tr>
<tr>
<td>grid_10_9_3yWeVh85_1590726617.cnf</td>
<td>1648</td>
<td>4889</td>
<td>3031</td>
<td>0.734272</td>
<td>8241</td>
</tr>
<tr>
<td>grid_10_9_3yWeVh85_1590726618.cnf</td>
<td>1648</td>
<td>4889</td>
<td>2925</td>
<td>0.729522</td>
<td>8241</td>
</tr>
<tr>
<td>grid_10_9_BSMSHfc0_1590726630.cnf</td>
<td>1585</td>
<td>4700</td>
<td>37130</td>
<td>8.89497</td>
<td>99589</td>
</tr>
<tr>
<td>grid_10_9_BSMSHfc0_1590726631.cnf</td>
<td>1585</td>
<td>4700</td>
<td>30414</td>
<td>7.33916</td>
<td>99589</td>
</tr>
<tr>
<td>grid_10_9_BSMSHfc0_1590726632.cnf</td>
<td>1585</td>
<td>4700</td>
<td>28358</td>
<td>6.44977</td>
<td>99589</td>
</tr>
<tr>
<td>grid_10_9_BSMSHfc0_1590726633.cnf</td>
<td>1585</td>
<td>4700</td>
<td>38783</td>
<td>9.8461</td>
<td>99589</td>
</tr>
<tr>
<td>grid_10_9_cL9Wftob_1590726624.cnf</td>
<td>1504</td>
<td>4457</td>
<td>10716</td>
<td>1.60108</td>
<td>71629</td>
</tr>
<tr>
<td>grid_10_9_cL9Wftob_1590726625.cnf</td>
<td>1504</td>
<td>4457</td>
<td>16244</td>
<td>2.7258</td>
<td>71629</td>
</tr>
<tr>
<td>grid_10_9_cL9Wftob_1590726626.cnf</td>
<td>1504</td>
<td>4457</td>
<td>17713</td>
<td>3.01867</td>
<td>71629</td>
</tr>
<tr>
<td>grid_10_9_cL9Wftob_1590726627.cnf</td>
<td>1504</td>
<td>4457</td>
<td>11870</td>
<td>1.95825</td>
<td>71629</td>
</tr>
<tr>
<td>grid_10_9_fWfgMpp5_1590726616.cnf</td>
<td>1504</td>
<td>4457</td>
<td>27299</td>
<td>5.88245</td>
<td>119852</td>
</tr>
<tr>
<td>grid_10_9_fWfgMpp5_1590726617.cnf</td>
<td>1504</td>
<td>4457</td>
<td>17444</td>
<td>3.59182</td>
<td>119852</td>
</tr>
<tr>
<td>grid_10_9_fWfgMpp5_1590726618.cnf</td>
<td>1504</td>
<td>4457</td>
<td>33764</td>
<td>7.18892</td>
<td>119852</td>
</tr>
<tr>
<td>grid_10_9_fWfgMpp5_1590726619.cnf</td>
<td>1504</td>
<td>4457</td>
<td>21428</td>
<td>4.49099</td>
<td>119852</td>
</tr>
<tr>
<td>grid_10_9_ISslFFLs_1590726617.cnf</td>
<td>1531</td>
<td>4538</td>
<td>24932</td>
<td>4.48104</td>
<td>144701</td>
</tr>
<tr>
<td>grid_10_9_ISslFFLs_1590726618.cnf</td>
<td>1531</td>
<td>4538</td>
<td>27890</td>
<td>4.97615</td>
<td>144701</td>
</tr>
<tr>
<td>grid_10_9_ISslFFLs_1590726619.cnf</td>
<td>1531</td>
<td>4538</td>
<td>28695</td>
<td>4.8265</td>
<td>144701</td>
</tr>
<tr>
<td>grid_10_9_ISslFFLs_1590726620.cnf</td>
<td>1531</td>
<td>4538</td>
<td>30807</td>
<td>5.81464</td>
<td>144701</td>
</tr>
<tr>
<td>grid_10_9_p52sxPht_1590726612.cnf</td>
<td>1513</td>
<td>4484</td>
<td>16697</td>
<td>3.5217</td>
<td>55551</td>
</tr>
<tr>
<td>grid_10_9_p52sxPht_1590726613.cnf</td>
<td>1513</td>
<td>4484</td>
<td>16508</td>
<td>3.48561</td>
<td>55551</td>
</tr>
<tr>
<td>grid_10_9_p52sxPht_1590726614.cnf</td>
<td>1513</td>
<td>4484</td>
<td>14652</td>
<td>3.04847</td>
<td>55551</td>
</tr>
<tr>
<td>grid_10_9_p52sxPht_1590726615.cnf</td>
<td>1513</td>
<td>4484</td>
<td>18139</td>
<td>3.96708</td>
<td>55551</td>
</tr>
<tr>
<td>grid_10_9_Q81QQyK1_1590726629.cnf</td>
<td>1540</td>
<td>4565</td>
<td>27630</td>
<td>6.51517</td>
<td>71836</td>
</tr>
<tr>
<td>grid_10_9_Q81QQyK1_1590726630.cnf</td>
<td>1540</td>
<td>4565</td>
<td>19298</td>
<td>5.08536</td>
<td>71836</td>
</tr>
<tr>
<td>grid_10_9_Q81QQyK1_1590726631.cnf</td>
<td>1540</td>
<td>4565</td>
<td>20310</td>
<td>4.2897</td>
<td>71836</td>
</tr>
<tr>
<td>grid_10_9_Q81QQyK1_1590726632.cnf</td>
<td>1540</td>
<td>4565</td>
<td>26385</td>
<td>5.83038</td>
<td>71836</td>
</tr>
<tr>
<td>grid_10_9_tFUtO3Qc_1590726619.cnf</td>
<td>1585</td>
<td>4700</td>
<td>61253</td>
<td>11.8613</td>
<td>228570</td>
</tr>
<tr>
<td>grid_10_9_tFUtO3Qc_1590726620.cnf</td>
<td>1585</td>
<td>4700</td>
<td>53806</td>
<td>10.7652</td>
<td>228570</td>
</tr>
<tr>
<td>grid_10_9_tFUtO3Qc_1590726621.cnf</td>
<td>1585</td>
<td>4700</td>
<td>60513</td>
<td>12.1218</td>
<td>228570</td>
</tr>
<tr>
<td>grid_10_9_tFUtO3Qc_1590726622.cnf</td>
<td>1585</td>
<td>4700</td>
<td>55939</td>
<td>11.0638</td>
<td>228570</td>
</tr>
<tr>
<td>grid_10_9_U9bH2S6i_1590726609.cnf</td>
<td>1558</td>
<td>4619</td>
<td>30458</td>
<td>5.83189</td>
<td>64686</td>
</tr>
<tr>
<td>grid_10_9_U9bH2S6i_1590726610.cnf</td>
<td>1558</td>
<td>4619</td>
<td>29824</td>
<td>5.62625</td>
<td>64686</td>
</tr>
<tr>
<td>grid_10_9_U9bH2S6i_1590726611.cnf</td>
<td>1558</td>
<td>4619</td>
<td>29759</td>
<td>5.69414</td>
<td>64686</td>
</tr>
<tr>
<td>grid_10_9_U9bH2S6i_1590726612.cnf</td>
<td>1558</td>
<td>4619</td>
<td>29766</td>
<td>5.55865</td>
<td>64686</td>
</tr>
<tr>
<td>grid_10_9_WI2d7RiF_1590726599.cnf</td>
<td>1495</td>
<td>4430</td>
<td>69318</td>
<td>17.9092</td>
<td>221428</td>
</tr>
<tr>
<td>grid_10_9_WI2d7RiF_1590726600.cnf</td>
<td>1495</td>
<td>4430</td>
<td>78712</td>
<td>19.1823</td>
<td>221428</td>
</tr>
<tr>
<td>grid_10_9_WI2d7RiF_1590726601.cnf</td>
<td>1495</td>
<td>4430</td>
<td>85736</td>
<td>21.8844</td>
<td>221428</td>
</tr>
<tr>
<td>grid_10_9_WI2d7RiF_1590726602.cnf</td>
<td>1495</td>
<td>4430</td>
<td>89459</td>
<td>22.2159</td>
<td>221428</td>
</tr>
<tr>
<td>grid_10_9_y3j4XAqz_1590726611.cnf</td>
<td>1549</td>
<td>4592</td>
<td>4781</td>
<td>0.989329</td>
<td>32220</td>
</tr>
<tr>
<td>grid_10_9_y3j4XAqz_1590726612.cnf</td>
<td>1549</td>
<td>4592</td>
<td>4568</td>
<td>0.955519</td>
<td>32220</td>
</tr>
<tr>
<td>grid_10_9_y3j4XAqz_1590726613.cnf</td>
<td>1549</td>
<td>4592</td>
<td>4556</td>
<td>0.987724</td>
<td>32220</td>
</tr>
<tr>
<td>grid_10_9_y3j4XAqz_1590726614.cnf</td>
<td>1549</td>
<td>4592</td>
<td>5150</td>
<td>1.13189</td>
<td>32220</td>
</tr>
